c:\users\hyuns\source\repos\week10\team\exercise_routine\exercise_routine\x64\debug\vc143.pdb
c:\users\hyuns\source\repos\week10\team\exercise_routine\exercise_routine\x64\debug\vc143.idb
c:\users\hyuns\source\repos\week10\team\exercise_routine\exercise_routine\x64\debug\exercise_records.obj
c:\users\hyuns\source\repos\week10\team\exercise_routine\exercise_routine\x64\debug\username.obj
c:\users\hyuns\source\repos\week10\team\exercise_routine\exercise_routine\x64\debug\user_feedback.obj
c:\users\hyuns\source\repos\week10\team\exercise_routine\exercise_routine\x64\debug\select_menu.obj
c:\users\hyuns\source\repos\week10\team\exercise_routine\exercise_routine\x64\debug\exercise_routine.obj
c:\users\hyuns\source\repos\week10\team\exercise_routine\exercise_routine\x64\debug\bmi_records.obj
c:\users\hyuns\source\repos\week10\team\exercise_routine\exercise_routine\x64\debug\bmi_calculation.obj
c:\users\hyuns\source\repos\week10\team\exercise_routine\exercise_routine\x64\debug\main.obj
c:\users\hyuns\source\repos\week10\team\exercise_routine\x64\debug\exercise_routine.exe
c:\users\hyuns\source\repos\week10\team\exercise_routine\exercise_routine\x64\debug\exercise_routine.ilk
c:\users\hyuns\source\repos\week10\team\exercise_routine\x64\debug\exercise_routine.pdb
c:\users\hyuns\source\repos\week10\team\exercise_routine\exercise_routine\x64\debug\exercise_routine.tlog\cl.command.1.tlog
c:\users\hyuns\source\repos\week10\team\exercise_routine\exercise_routine\x64\debug\exercise_routine.tlog\cl.items.tlog
c:\users\hyuns\source\repos\week10\team\exercise_routine\exercise_routine\x64\debug\exercise_routine.tlog\cl.read.1.tlog
c:\users\hyuns\source\repos\week10\team\exercise_routine\exercise_routine\x64\debug\exercise_routine.tlog\cl.write.1.tlog
c:\users\hyuns\source\repos\week10\team\exercise_routine\exercise_routine\x64\debug\exercise_routine.tlog\link.command.1.tlog
c:\users\hyuns\source\repos\week10\team\exercise_routine\exercise_routine\x64\debug\exercise_routine.tlog\link.read.1.tlog
c:\users\hyuns\source\repos\week10\team\exercise_routine\exercise_routine\x64\debug\exercise_routine.tlog\link.write.1.tlog
